[dotenv@17.3.1] injecting env (15) from .env -- tip: ΓÜí∩╕Å secrets for agents: https://dotenvx.com/as2
[dotenv@17.3.1] injecting env (0) from .env -- tip: ΓÜÖ∩╕Å  write to custom object with { processEnv: myObject }
node : node:internal/modules/
esm/module_job:510
At line:1 char:1
+ node server.js 2>&1 | 
Out-File -FilePath error.log 
-Encoding utf8
+ ~~~~~~~~~~~~~~~~~~~
    + CategoryInfo           
   : NotSpecified: (node:in  
  ternal/modules/esm/modul   
 e_job:510:String) [], Re    
moteException
    + FullyQualifiedErrorId  
   : NativeCommandError
 
      throw new ERR_REQUIRE_A
SYNC_MODULE(filename, 
parentFilename);
      ^

Error 
[ERR_REQUIRE_ASYNC_MODULE]: 
require() cannot be used on 
an ESM graph with top-level 
await. Use import() instead. 
To see where the top-level 
await comes from, use --exper
imental-print-required-tla.
  From D:\College\Simple 
Digital System for Coaching C
enters\backend\routes\webhook
.routes.js 
  Requiring 
D:\College\Simple Digital 
System for Coaching Centers\b
ackend\controllers\webhook.co
ntroller.js 
    at ModuleJobSync.runSync 
(node:internal/modules/esm/mo
dule_job:510:13)
    at ModuleLoader.importSyn
cForRequire (node:internal/mo
dules/esm/loader:425:47)
    at loadESMFromCJS (node:i
nternal/modules/cjs/loader:15
78:24)
    at Module._compile (node:
internal/modules/cjs/loader:1
743:5)
    at Object..js (node:inter
nal/modules/cjs/loader:1893:1
0)
    at Module.load (node:inte
rnal/modules/cjs/loader:1481:
32)
    at Module._load (node:int
ernal/modules/cjs/loader:1300
:12)
    at 
TracingChannel.traceSync (nod
e:diagnostics_channel:328:14)
    at wrapModuleLoad (node:i
nternal/modules/cjs/loader:24
5:24)
    at Module.require (node:i
nternal/modules/cjs/loader:15
04:12) {
  code: 
'ERR_REQUIRE_ASYNC_MODULE'
}

Node.js v24.11.1
